# JRE version: OpenJDK Runtime Environment (10.0.2+13) (build 10.0.2+13-Ubuntu-1ubuntu0.18.04.2)
# Java VM: OpenJDK 64-Bit Server VM (10.0.2+13-Ubuntu-1ubuntu0.18.04.2, mixed mode, tiered, compressed oops, g1 gc, linux-amd64)
Heap:
 garbage-first heap   total 247808K, used 18072K [0x0000000080000000, 0x0000000100000000)
  region size 1024K, 6 young (6144K), 6 survivors (6144K)
 Metaspace       used 30187K, capacity 30617K, committed 30976K, reserved 1077248K
  class space    used 3623K, capacity 3832K, committed 3840K, reserved 1048576K
GC Heap History (9 events):
Event: 0.420 GC heap before
{Heap before GC invocations=0 (full 0):
 garbage-first heap   total 188416K, used 16384K [0x0000000080000000, 0x0000000100000000)
  region size 1024K, 14 young (14336K), 0 survivors (0K)
 Metaspace       used 8939K, capacity 9081K, committed 9216K, reserved 1056768K
  class space    used 883K, capacity 965K, committed 1024K, reserved 1048576K
}
Event: 0.427 GC heap after
{Heap after GC invocations=1 (full 0):
 garbage-first heap   total 188416K, used 6189K [0x0000000080000000, 0x0000000100000000)
  region size 1024K, 2 young (2048K), 2 survivors (2048K)
 Metaspace       used 8939K, capacity 9081K, committed 9216K, reserved 1056768K
  class space    used 883K, capacity 965K, committed 1024K, reserved 1048576K
}
Event: 0.640 GC heap before
{Heap before GC invocations=1 (full 0):
 garbage-first heap   total 188416K, used 22573K [0x0000000080000000, 0x0000000100000000)
  region size 1024K, 18 young (18432K), 2 survivors (2048K)
 Metaspace       used 10025K, capacity 10183K, committed 10368K, reserved 1058816K
  class space    used 1000K, capacity 1097K, committed 1152K, reserved 1048576K
}
Event: 0.644 GC heap after
{Heap after GC invocations=2 (full 0):
 garbage-first heap   total 188416K, used 7271K [0x0000000080000000, 0x0000000100000000)
  region size 1024K, 2 young (2048K), 2 survivors (2048K)
 Metaspace       used 10025K, capacity 10183K, committed 10368K, reserved 1058816K
  class space    used 1000K, capacity 1097K, committed 1152K, reserved 1048576K
}
Event: 1.514 GC heap before
{Heap before GC invocations=2 (full 0):
 garbage-first heap   total 188416K, used 33895K [0x0000000080000000, 0x0000000100000000)
  region size 1024K, 27 young (27648K), 2 survivors (2048K)
 Metaspace       used 15948K, capacity 16301K, committed 16512K, reserved 1064960K
  class space    used 1752K, capacity 1886K, committed 1920K, reserved 1048576K
}
Event: 1.527 GC heap after
{Heap after GC invocations=3 (full 0):
 garbage-first heap   total 188416K, used 12189K [0x0000000080000000, 0x0000000100000000)
  region size 1024K, 4 young (4096K), 4 survivors (4096K)
 Metaspace       used 15948K, capacity 16301K, committed 16512K, reserved 1064960K
  class space    used 1752K, capacity 1886K, committed 1920K, reserved 1048576K
}
Event: 2.278 GC heap before
{Heap before GC invocations=3 (full 0):
 garbage-first heap   total 188416K, used 49053K [0x0000000080000000, 0x0000000100000000)
  region size 1024K, 41 young (41984K), 4 survivors (4096K)
 Metaspace       used 20863K, capacity 21192K, committed 21296K, reserved 1069056K
  class space    used 2530K, capacity 2677K, committed 2688K, reserved 1048576K
}
Event: 2.313 GC heap after
{Heap after GC invocations=4 (full 0):
 garbage-first heap   total 188416K, used 13855K [0x0000000080000000, 0x0000000100000000)
  region size 1024K, 6 young (6144K), 6 survivors (6144K)
 Metaspace       used 20863K, capacity 21192K, committed 21296K, reserved 1069056K
  class space    used 2530K, capacity 2677K, committed 2688K, reserved 1048576K
}
Event: 234.368 GC heap before
{Heap before GC invocations=5 (full 0):
 garbage-first heap   total 188416K, used 68127K [0x0000000080000000, 0x0000000100000000)
  region size 1024K, 56 young (57344K), 6 survivors (6144K)
 Metaspace       used 30187K, capacity 30617K, committed 30976K, reserved 1077248K
  class space    used 3623K, capacity 3832K, committed 3840K, reserved 1048576K
}

